<?xml version="1.0" encoding="UTF-8"?>
<!-- Generated by org.testng.reporters.JUnitReportReporter -->
<testsuite hostname="manash-PC" failures="0" tests="1" name="qacomp.mavenTest.LoginPageValidation" time="0.013" errors="0" timestamp="2022-07-26T01:47:54 IST" skipped="0">
  <testcase classname="qacomp.mavenTest.LoginPageValidation" name="LoginTest" time="0.013"/>
  <system-out/>
</testsuite> <!-- qacomp.mavenTest.LoginPageValidation -->
