<?xml version="1.0" encoding="UTF-8"?>
<!-- Generated by org.testng.reporters.JUnitReportReporter -->
<testsuite hostname="manash-PC" failures="0" tests="1" name="qacomp.mavenTest.LoginTest" time="0.007" errors="0" timestamp="2022-07-26T02:29:23 IST" skipped="0">
  <testcase classname="qacomp.mavenTest.LoginTest" name="loginvalidate" time="0.007"/>
  <system-out/>
</testsuite> <!-- qacomp.mavenTest.LoginTest -->
