<?xml version="1.0" encoding="UTF-8"?>
<!-- Generated by org.testng.reporters.JUnitReportReporter -->
<testsuite hostname="manash-PC" failures="0" tests="1" name="qacomp.mavenTest.AppTest" time="0.004" errors="0" timestamp="2022-07-26T01:56:49 IST" skipped="0">
  <testcase classname="qacomp.mavenTest.AppTest" name="testApp" time="0.004"/>
  <system-out/>
</testsuite> <!-- qacomp.mavenTest.AppTest -->
