<?xml version="1.0" encoding="UTF-8"?>
<!-- Generated by org.testng.reporters.JUnitReportReporter -->
<testsuite hostname="manash-PC" failures="0" tests="1" name="qacomp.mavenTest.SeleniumTest" time="0.001" errors="0" timestamp="2022-07-26T02:35:34 IST" skipped="0">
  <testcase classname="qacomp.mavenTest.SeleniumTest" name="BrowserAutomation" time="0.001"/>
  <system-out/>
</testsuite> <!-- qacomp.mavenTest.SeleniumTest -->
