<?xml version="1.0" encoding="UTF-8"?>
<!-- Generated by org.testng.reporters.JUnitReportReporter -->
<testsuite hostname="manash-PC" failures="0" tests="1" name="qacomp.mavenTest.Test1" time="0.073" errors="0" timestamp="2022-07-30T00:49:40 IST" skipped="0">
  <testcase classname="qacomp.mavenTest.Test1" name="Loginvalidate" time="0.073"/>
  <system-out/>
</testsuite> <!-- qacomp.mavenTest.Test1 -->
