<?xml version="1.0" encoding="UTF-8"?>
<!-- Generated by org.testng.reporters.JUnitReportReporter -->
<testsuite hostname="manash-PC" failures="0" tests="1" name="qacomp.mavenTest.ManashTest" time="0.010" errors="0" timestamp="2022-07-26T02:35:34 IST" skipped="0">
  <testcase classname="qacomp.mavenTest.ManashTest" name="ManashTest2" time="0.010"/>
  <system-out/>
</testsuite> <!-- qacomp.mavenTest.ManashTest -->
